# JRE version: OpenJDK Runtime Environment (Zulu11.37+17-CA) (11.0.6+10) (build 11.0.6+10-LTS)
# Java VM: OpenJDK 64-Bit Server VM (11.0.6+10-LTS, mixed mode, tiered, compressed oops, g1 gc, linux-amd64)
Heap:
 garbage-first heap   total 344064K, used 102867K [0x0000000418800000, 0x0000000800000000)
  region size 4096K, 1 young (4096K), 0 survivors (0K)
 Metaspace       used 64903K, capacity 67002K, committed 68300K, reserved 1110016K
  class space    used 6744K, capacity 7578K, committed 8140K, reserved 1048576K
GC Heap History (20 events):
Event: 9390.549 GC heap before
{Heap before GC invocations=30 (full 9):
 garbage-first heap   total 344064K, used 264987K [0x0000000418800000, 0x0000000800000000)
  region size 4096K, 41 young (167936K), 3 survivors (12288K)
 Metaspace       used 64140K, capacity 66144K, committed 67788K, reserved 1110016K
  class space    used 6712K, capacity 7518K, committed 8140K, reserved 1048576K
}
Event: 9390.599 GC heap after
{Heap after GC invocations=31 (full 9):
 garbage-first heap   total 344064K, used 118227K [0x0000000418800000, 0x0000000800000000)
  region size 4096K, 5 young (20480K), 5 survivors (20480K)
 Metaspace       used 64140K, capacity 66144K, committed 67788K, reserved 1110016K
  class space    used 6712K, capacity 7518K, committed 8140K, reserved 1048576K
}
Event: 9410.736 GC heap before
{Heap before GC invocations=31 (full 9):
 garbage-first heap   total 344064K, used 220627K [0x0000000418800000, 0x0000000800000000)
  region size 4096K, 32 young (131072K), 5 survivors (20480K)
 Metaspace       used 64248K, capacity 66222K, committed 67788K, reserved 1110016K
  class space    used 6713K, capacity 7520K, committed 8140K, reserved 1048576K
}
Event: 9410.776 GC heap after
{Heap after GC invocations=32 (full 10):
 garbage-first heap   total 344064K, used 99732K [0x0000000418800000, 0x0000000800000000)
  region size 4096K, 0 young (0K), 0 survivors (0K)
 Metaspace       used 64230K, capacity 66195K, committed 67788K, reserved 1110016K
  class space    used 6710K, capacity 7515K, committed 8140K, reserved 1048576K
}
Event: 9446.341 GC heap before
{Heap before GC invocations=32 (full 10):
 garbage-first heap   total 344064K, used 226708K [0x0000000418800000, 0x0000000800000000)
  region size 4096K, 33 young (135168K), 0 survivors (0K)
 Metaspace       used 64328K, capacity 66328K, committed 67788K, reserved 1110016K
  class space    used 6710K, capacity 7515K, committed 8140K, reserved 1048576K
}
Event: 9446.374 GC heap after
{Heap after GC invocations=33 (full 11):
 garbage-first heap   total 344064K, used 100276K [0x0000000418800000, 0x0000000800000000)
  region size 4096K, 0 young (0K), 0 survivors (0K)
 Metaspace       used 64328K, capacity 66328K, committed 67788K, reserved 1110016K
  class space    used 6710K, capacity 7515K, committed 8140K, reserved 1048576K
}
Event: 9463.411 GC heap before
{Heap before GC invocations=33 (full 11):
 garbage-first heap   total 344064K, used 141236K [0x0000000418800000, 0x0000000800000000)
  region size 4096K, 11 young (45056K), 0 survivors (0K)
 Metaspace       used 64363K, capacity 66393K, committed 68044K, reserved 1110016K
  class space    used 6710K, capacity 7515K, committed 8140K, reserved 1048576K
}
Event: 9463.445 GC heap after
{Heap after GC invocations=34 (full 12):
 garbage-first heap   total 344064K, used 100424K [0x0000000418800000, 0x0000000800000000)
  region size 4096K, 0 young (0K), 0 survivors (0K)
 Metaspace       used 64363K, capacity 66393K, committed 68044K, reserved 1110016K
  class space    used 6710K, capacity 7515K, committed 8140K, reserved 1048576K
}
Event: 9846.446 GC heap before
{Heap before GC invocations=34 (full 12):
 garbage-first heap   total 344064K, used 256072K [0x0000000418800000, 0x0000000800000000)
  region size 4096K, 39 young (159744K), 0 survivors (0K)
 Metaspace       used 64448K, capacity 66496K, committed 68044K, reserved 1110016K
  class space    used 6719K, capacity 7532K, committed 8140K, reserved 1048576K
}
Event: 9846.449 GC heap after
{Heap after GC invocations=35 (full 12):
 garbage-first heap   total 344064K, used 111347K [0x0000000418800000, 0x0000000800000000)
  region size 4096K, 3 young (12288K), 3 survivors (12288K)
 Metaspace       used 64448K, capacity 66496K, committed 68044K, reserved 1110016K
  class space    used 6719K, capacity 7532K, committed 8140K, reserved 1048576K
}
Event: 9846.474 GC heap before
{Heap before GC invocations=35 (full 12):
 garbage-first heap   total 344064K, used 262899K [0x0000000418800000, 0x0000000800000000)
  region size 4096K, 40 young (163840K), 3 survivors (12288K)
 Metaspace       used 64452K, capacity 66501K, committed 68044K, reserved 1110016K
  class space    used 6719K, capacity 7532K, committed 8140K, reserved 1048576K
}
Event: 9846.477 GC heap after
{Heap after GC invocations=36 (full 12):
 garbage-first heap   total 344064K, used 113639K [0x0000000418800000, 0x0000000800000000)
  region size 4096K, 4 young (16384K), 4 survivors (16384K)
 Metaspace       used 64452K, capacity 66501K, committed 68044K, reserved 1110016K
  class space    used 6719K, capacity 7532K, committed 8140K, reserved 1048576K
}
Event: 9846.559 GC heap before
{Heap before GC invocations=36 (full 12):
 garbage-first heap   total 344064K, used 261095K [0x0000000418800000, 0x0000000800000000)
  region size 4096K, 41 young (167936K), 4 survivors (16384K)
 Metaspace       used 64578K, capacity 66672K, committed 68044K, reserved 1110016K
  class space    used 6739K, capacity 7569K, committed 8140K, reserved 1048576K
}
Event: 9846.562 GC heap after
{Heap after GC invocations=37 (full 12):
 garbage-first heap   total 344064K, used 115330K [0x0000000418800000, 0x0000000800000000)
  region size 4096K, 4 young (16384K), 4 survivors (16384K)
 Metaspace       used 64578K, capacity 66672K, committed 68044K, reserved 1110016K
  class space    used 6739K, capacity 7569K, committed 8140K, reserved 1048576K
}
Event: 9846.660 GC heap before
{Heap before GC invocations=37 (full 12):
 garbage-first heap   total 344064K, used 262786K [0x0000000418800000, 0x0000000800000000)
  region size 4096K, 41 young (167936K), 4 survivors (16384K)
 Metaspace       used 64593K, capacity 66672K, committed 68044K, reserved 1110016K
  class space    used 6739K, capacity 7569K, committed 8140K, reserved 1048576K
}
Event: 9846.664 GC heap after
{Heap after GC invocations=38 (full 12):
 garbage-first heap   total 344064K, used 129615K [0x0000000418800000, 0x0000000800000000)
  region size 4096K, 6 young (24576K), 6 survivors (24576K)
 Metaspace       used 64593K, capacity 66672K, committed 68044K, reserved 1110016K
  class space    used 6739K, capacity 7569K, committed 8140K, reserved 1048576K
}
Event: 9858.788 GC heap before
{Heap before GC invocations=38 (full 12):
 garbage-first heap   total 344064K, used 256591K [0x0000000418800000, 0x0000000800000000)
  region size 4096K, 38 young (155648K), 6 survivors (24576K)
 Metaspace       used 64821K, capacity 66936K, committed 68044K, reserved 1110016K
  class space    used 6744K, capacity 7578K, committed 8140K, reserved 1048576K
}
Event: 9858.790 GC heap after
{Heap after GC invocations=39 (full 12):
 garbage-first heap   total 344064K, used 131738K [0x0000000418800000, 0x0000000800000000)
  region size 4096K, 4 young (16384K), 4 survivors (16384K)
 Metaspace       used 64821K, capacity 66936K, committed 68044K, reserved 1110016K
  class space    used 6744K, capacity 7578K, committed 8140K, reserved 1048576K
}
Event: 9881.380 GC heap before
{Heap before GC invocations=39 (full 12):
 garbage-first heap   total 344064K, used 193178K [0x0000000418800000, 0x0000000800000000)
  region size 4096K, 21 young (86016K), 4 survivors (16384K)
 Metaspace       used 64902K, capacity 67002K, committed 68300K, reserved 1110016K
  class space    used 6744K, capacity 7578K, committed 8140K, reserved 1048576K
}
Event: 9881.417 GC heap after
{Heap after GC invocations=40 (full 13):
 garbage-first heap   total 344064K, used 102867K [0x0000000418800000, 0x0000000800000000)
  region size 4096K, 0 young (0K), 0 survivors (0K)
 Metaspace       used 64902K, capacity 67002K, committed 68300K, reserved 1110016K
  class space    used 6744K, capacity 7578K, committed 8140K, reserved 1048576K
}

