# JRE version: OpenJDK Runtime Environment (Zulu11.37+17-CA) (11.0.6+10) (build 11.0.6+10-LTS)
# Java VM: OpenJDK 64-Bit Server VM (11.0.6+10-LTS, mixed mode, tiered, compressed oops, g1 gc, linux-amd64)
Heap:
 garbage-first heap   total 76800K, used 56541K [0x00000000c2a00000, 0x0000000100000000)
  region size 1024K, 27 young (27648K), 4 survivors (4096K)
 Metaspace       used 44578K, capacity 45403K, committed 45644K, reserved 1089536K
  class space    used 4844K, capacity 5181K, committed 5196K, reserved 1048576K
GC Heap History (19 events):
Event: 1.144 GC heap before
{Heap before GC invocations=0 (full 0):
 garbage-first heap   total 63488K, used 29696K [0x00000000c2a00000, 0x0000000100000000)
  region size 1024K, 24 young (24576K), 0 survivors (0K)
 Metaspace       used 16619K, capacity 16943K, committed 17152K, reserved 1064960K
  class space    used 1791K, capacity 1937K, committed 2048K, reserved 1048576K
}
Event: 1.165 GC heap after
{Heap after GC invocations=1 (full 0):
 garbage-first heap   total 63488K, used 6831K [0x00000000c2a00000, 0x0000000100000000)
  region size 1024K, 3 young (3072K), 3 survivors (3072K)
 Metaspace       used 16619K, capacity 16943K, committed 17152K, reserved 1064960K
  class space    used 1791K, capacity 1937K, committed 2048K, reserved 1048576K
}
Event: 1.456 GC heap before
{Heap before GC invocations=1 (full 0):
 garbage-first heap   total 63488K, used 22191K [0x00000000c2a00000, 0x0000000100000000)
  region size 1024K, 19 young (19456K), 3 survivors (3072K)
 Metaspace       used 20619K, capacity 20967K, committed 21248K, reserved 1069056K
  class space    used 2277K, capacity 2454K, committed 2560K, reserved 1048576K
}
Event: 1.464 GC heap after
{Heap after GC invocations=2 (full 0):
 garbage-first heap   total 63488K, used 8308K [0x00000000c2a00000, 0x0000000100000000)
  region size 1024K, 2 young (2048K), 2 survivors (2048K)
 Metaspace       used 20619K, capacity 20967K, committed 21248K, reserved 1069056K
  class space    used 2277K, capacity 2454K, committed 2560K, reserved 1048576K
}
Event: 2.065 GC heap before
{Heap before GC invocations=3 (full 0):
 garbage-first heap   total 63488K, used 31860K [0x00000000c2a00000, 0x0000000100000000)
  region size 1024K, 26 young (26624K), 2 survivors (2048K)
 Metaspace       used 29667K, capacity 30188K, committed 30464K, reserved 1077248K
  class space    used 3339K, capacity 3547K, committed 3584K, reserved 1048576K
}
Event: 2.071 GC heap after
{Heap after GC invocations=4 (full 0):
 garbage-first heap   total 63488K, used 10764K [0x00000000c2a00000, 0x0000000100000000)
  region size 1024K, 4 young (4096K), 4 survivors (4096K)
 Metaspace       used 29667K, capacity 30188K, committed 30464K, reserved 1077248K
  class space    used 3339K, capacity 3547K, committed 3584K, reserved 1048576K
}
Event: 2.391 GC heap before
{Heap before GC invocations=4 (full 0):
 garbage-first heap   total 63488K, used 28172K [0x00000000c2a00000, 0x0000000100000000)
  region size 1024K, 23 young (23552K), 4 survivors (4096K)
 Metaspace       used 35116K, capacity 35685K, committed 35840K, reserved 1081344K
  class space    used 3978K, capacity 4224K, committed 4224K, reserved 1048576K
}
Event: 2.402 GC heap after
{Heap after GC invocations=5 (full 0):
 garbage-first heap   total 63488K, used 14289K [0x00000000c2a00000, 0x0000000100000000)
  region size 1024K, 4 young (4096K), 4 survivors (4096K)
 Metaspace       used 35116K, capacity 35685K, committed 35840K, reserved 1081344K
  class space    used 3978K, capacity 4224K, committed 4224K, reserved 1048576K
}
Event: 2.958 GC heap before
{Heap before GC invocations=6 (full 0):
 garbage-first heap   total 63488K, used 36817K [0x00000000c2a00000, 0x0000000100000000)
  region size 1024K, 27 young (27648K), 4 survivors (4096K)
 Metaspace       used 42002K, capacity 42768K, committed 42956K, reserved 1087488K
  class space    used 4717K, capacity 5030K, committed 5068K, reserved 1048576K
}
Event: 2.963 GC heap after
{Heap after GC invocations=7 (full 0):
 garbage-first heap   total 76800K, used 16234K [0x00000000c2a00000, 0x0000000100000000)
  region size 1024K, 2 young (2048K), 2 survivors (2048K)
 Metaspace       used 42002K, capacity 42768K, committed 42956K, reserved 1087488K
  class space    used 4717K, capacity 5030K, committed 5068K, reserved 1048576K
}
Event: 4.027 GC heap before
{Heap before GC invocations=7 (full 0):
 garbage-first heap   total 76800K, used 44906K [0x00000000c2a00000, 0x0000000100000000)
  region size 1024K, 31 young (31744K), 2 survivors (2048K)
 Metaspace       used 43348K, capacity 44123K, committed 44364K, reserved 1089536K
  class space    used 4796K, capacity 5115K, committed 5196K, reserved 1048576K
}
Event: 4.048 GC heap after
{Heap after GC invocations=8 (full 0):
 garbage-first heap   total 76800K, used 19670K [0x00000000c2a00000, 0x0000000100000000)
  region size 1024K, 4 young (4096K), 4 survivors (4096K)
 Metaspace       used 43348K, capacity 44123K, committed 44364K, reserved 1089536K
  class space    used 4796K, capacity 5115K, committed 5196K, reserved 1048576K
}
Event: 5.716 GC heap before
{Heap before GC invocations=8 (full 0):
 garbage-first heap   total 76800K, used 48342K [0x00000000c2a00000, 0x0000000100000000)
  region size 1024K, 33 young (33792K), 4 survivors (4096K)
 Metaspace       used 43898K, capacity 44695K, committed 44876K, reserved 1089536K
  class space    used 4813K, capacity 5127K, committed 5196K, reserved 1048576K
}
Event: 5.741 GC heap after
{Heap after GC invocations=9 (full 0):
 garbage-first heap   total 76800K, used 24221K [0x00000000c2a00000, 0x0000000100000000)
  region size 1024K, 5 young (5120K), 5 survivors (5120K)
 Metaspace       used 43898K, capacity 44695K, committed 44876K, reserved 1089536K
  class space    used 4813K, capacity 5127K, committed 5196K, reserved 1048576K
}
Event: 6.597 GC heap before
{Heap before GC invocations=9 (full 0):
 garbage-first heap   total 76800K, used 51869K [0x00000000c2a00000, 0x0000000100000000)
  region size 1024K, 33 young (33792K), 5 survivors (5120K)
 Metaspace       used 44340K, capacity 45136K, committed 45388K, reserved 1089536K
  class space    used 4829K, capacity 5136K, committed 5196K, reserved 1048576K
}
Event: 6.624 GC heap after
{Heap after GC invocations=10 (full 0):
 garbage-first heap   total 76800K, used 29233K [0x00000000c2a00000, 0x0000000100000000)
  region size 1024K, 5 young (5120K), 5 survivors (5120K)
 Metaspace       used 44340K, capacity 45136K, committed 45388K, reserved 1089536K
  class space    used 4829K, capacity 5136K, committed 5196K, reserved 1048576K
}
Event: 7.473 GC heap before
{Heap before GC invocations=10 (full 0):
 garbage-first heap   total 76800K, used 55857K [0x00000000c2a00000, 0x0000000100000000)
  region size 1024K, 31 young (31744K), 5 survivors (5120K)
 Metaspace       used 44457K, capacity 45243K, committed 45388K, reserved 1089536K
  class space    used 4839K, capacity 5149K, committed 5196K, reserved 1048576K
}
Event: 7.480 GC heap after
{Heap after GC invocations=11 (full 0):
 garbage-first heap   total 76800K, used 32989K [0x00000000c2a00000, 0x0000000100000000)
  region size 1024K, 4 young (4096K), 4 survivors (4096K)
 Metaspace       used 44457K, capacity 45243K, committed 45388K, reserved 1089536K
  class space    used 4839K, capacity 5149K, committed 5196K, reserved 1048576K
}
Event: 7.657 GC heap before
{Heap before GC invocations=11 (full 0):
 garbage-first heap   total 76800K, used 55517K [0x00000000c2a00000, 0x0000000100000000)
  region size 1024K, 27 young (27648K), 4 survivors (4096K)
 Metaspace       used 44578K, capacity 45403K, committed 45644K, reserved 1089536K
  class space    used 4844K, capacity 5181K, committed 5196K, reserved 1048576K
}

