# JRE version: OpenJDK Runtime Environment (Zulu11.37+17-CA) (11.0.6+10) (build 11.0.6+10-LTS)
# Java VM: OpenJDK 64-Bit Server VM (11.0.6+10-LTS, mixed mode, tiered, compressed oops, g1 gc, linux-amd64)
Heap:
 garbage-first heap   total 92160K, used 80839K [0x00000000c2a00000, 0x0000000100000000)
  region size 1024K, 5 young (5120K), 1 survivors (1024K)
 Metaspace       used 59286K, capacity 61015K, committed 61184K, reserved 1103872K
  class space    used 6377K, capacity 7089K, committed 7168K, reserved 1048576K
GC Heap History (20 events):
Event: 32.428 GC heap after
{Heap after GC invocations=59 (full 0):
 garbage-first heap   total 92160K, used 74248K [0x00000000c2a00000, 0x0000000100000000)
  region size 1024K, 1 young (1024K), 1 survivors (1024K)
 Metaspace       used 56077K, capacity 57501K, committed 57600K, reserved 1099776K
  class space    used 5978K, capacity 6559K, committed 6656K, reserved 1048576K
}
Event: 32.820 GC heap before
{Heap before GC invocations=59 (full 0):
 garbage-first heap   total 92160K, used 80392K [0x00000000c2a00000, 0x0000000100000000)
  region size 1024K, 7 young (7168K), 1 survivors (1024K)
 Metaspace       used 56224K, capacity 57689K, committed 57856K, reserved 1099776K
  class space    used 5997K, capacity 6579K, committed 6656K, reserved 1048576K
}
Event: 32.822 GC heap after
{Heap after GC invocations=60 (full 0):
 garbage-first heap   total 92160K, used 74506K [0x00000000c2a00000, 0x0000000100000000)
  region size 1024K, 1 young (1024K), 1 survivors (1024K)
 Metaspace       used 56224K, capacity 57689K, committed 57856K, reserved 1099776K
  class space    used 5997K, capacity 6579K, committed 6656K, reserved 1048576K
}
Event: 33.006 GC heap before
{Heap before GC invocations=60 (full 0):
 garbage-first heap   total 92160K, used 79626K [0x00000000c2a00000, 0x0000000100000000)
  region size 1024K, 6 young (6144K), 1 survivors (1024K)
 Metaspace       used 56387K, capacity 57894K, committed 58240K, reserved 1101824K
  class space    used 6029K, capacity 6666K, committed 6784K, reserved 1048576K
}
Event: 33.009 GC heap after
{Heap after GC invocations=61 (full 0):
 garbage-first heap   total 92160K, used 74782K [0x00000000c2a00000, 0x0000000100000000)
  region size 1024K, 1 young (1024K), 1 survivors (1024K)
 Metaspace       used 56387K, capacity 57894K, committed 58240K, reserved 1101824K
  class space    used 6029K, capacity 6666K, committed 6784K, reserved 1048576K
}
Event: 33.203 GC heap before
{Heap before GC invocations=61 (full 0):
 garbage-first heap   total 92160K, used 79902K [0x00000000c2a00000, 0x0000000100000000)
  region size 1024K, 6 young (6144K), 1 survivors (1024K)
 Metaspace       used 56446K, capacity 57985K, committed 58240K, reserved 1101824K
  class space    used 6037K, capacity 6674K, committed 6784K, reserved 1048576K
}
Event: 33.205 GC heap after
{Heap after GC invocations=62 (full 0):
 garbage-first heap   total 92160K, used 74975K [0x00000000c2a00000, 0x0000000100000000)
  region size 1024K, 1 young (1024K), 1 survivors (1024K)
 Metaspace       used 56446K, capacity 57985K, committed 58240K, reserved 1101824K
  class space    used 6037K, capacity 6674K, committed 6784K, reserved 1048576K
}
Event: 33.481 GC heap before
{Heap before GC invocations=62 (full 0):
 garbage-first heap   total 92160K, used 80095K [0x00000000c2a00000, 0x0000000100000000)
  region size 1024K, 6 young (6144K), 1 survivors (1024K)
 Metaspace       used 56548K, capacity 58053K, committed 58240K, reserved 1101824K
  class space    used 6037K, capacity 6674K, committed 6784K, reserved 1048576K
}
Event: 33.483 GC heap after
{Heap after GC invocations=63 (full 0):
 garbage-first heap   total 92160K, used 75116K [0x00000000c2a00000, 0x0000000100000000)
  region size 1024K, 1 young (1024K), 1 survivors (1024K)
 Metaspace       used 56548K, capacity 58053K, committed 58240K, reserved 1101824K
  class space    used 6037K, capacity 6674K, committed 6784K, reserved 1048576K
}
Event: 33.602 GC heap before
{Heap before GC invocations=63 (full 0):
 garbage-first heap   total 92160K, used 80236K [0x00000000c2a00000, 0x0000000100000000)
  region size 1024K, 6 young (6144K), 1 survivors (1024K)
 Metaspace       used 56636K, capacity 58122K, committed 58240K, reserved 1101824K
  class space    used 6037K, capacity 6674K, committed 6784K, reserved 1048576K
}
Event: 33.605 GC heap after
{Heap after GC invocations=64 (full 0):
 garbage-first heap   total 92160K, used 75336K [0x00000000c2a00000, 0x0000000100000000)
  region size 1024K, 1 young (1024K), 1 survivors (1024K)
 Metaspace       used 56636K, capacity 58122K, committed 58240K, reserved 1101824K
  class space    used 6037K, capacity 6674K, committed 6784K, reserved 1048576K
}
Event: 33.819 GC heap before
{Heap before GC invocations=64 (full 0):
 garbage-first heap   total 92160K, used 79432K [0x00000000c2a00000, 0x0000000100000000)
  region size 1024K, 6 young (6144K), 1 survivors (1024K)
 Metaspace       used 57035K, capacity 58557K, committed 58752K, reserved 1101824K
  class space    used 6090K, capacity 6733K, committed 6784K, reserved 1048576K
}
Event: 33.821 GC heap after
{Heap after GC invocations=65 (full 0):
 garbage-first heap   total 92160K, used 75444K [0x00000000c2a00000, 0x0000000100000000)
  region size 1024K, 1 young (1024K), 1 survivors (1024K)
 Metaspace       used 57035K, capacity 58557K, committed 58752K, reserved 1101824K
  class space    used 6090K, capacity 6733K, committed 6784K, reserved 1048576K
}
Event: 33.954 GC heap before
{Heap before GC invocations=65 (full 0):
 garbage-first heap   total 92160K, used 78516K [0x00000000c2a00000, 0x0000000100000000)
  region size 1024K, 5 young (5120K), 1 survivors (1024K)
 Metaspace       used 58152K, capacity 59756K, committed 59904K, reserved 1101824K
  class space    used 6219K, capacity 6856K, committed 6912K, reserved 1048576K
}
Event: 33.956 GC heap after
{Heap after GC invocations=66 (full 0):
 garbage-first heap   total 92160K, used 75613K [0x00000000c2a00000, 0x0000000100000000)
  region size 1024K, 1 young (1024K), 1 survivors (1024K)
 Metaspace       used 58152K, capacity 59756K, committed 59904K, reserved 1101824K
  class space    used 6219K, capacity 6856K, committed 6912K, reserved 1048576K
}
Event: 34.329 GC heap before
{Heap before GC invocations=66 (full 0):
 garbage-first heap   total 92160K, used 79709K [0x00000000c2a00000, 0x0000000100000000)
  region size 1024K, 5 young (5120K), 1 survivors (1024K)
 Metaspace       used 58955K, capacity 60628K, committed 60800K, reserved 1103872K
  class space    used 6325K, capacity 7002K, committed 7040K, reserved 1048576K
}
Event: 34.332 GC heap after
{Heap after GC invocations=67 (full 0):
 garbage-first heap   total 92160K, used 76050K [0x00000000c2a00000, 0x0000000100000000)
  region size 1024K, 1 young (1024K), 1 survivors (1024K)
 Metaspace       used 58955K, capacity 60628K, committed 60800K, reserved 1103872K
  class space    used 6325K, capacity 7002K, committed 7040K, reserved 1048576K
}
Event: 34.925 GC heap before
{Heap before GC invocations=67 (full 0):
 garbage-first heap   total 92160K, used 79122K [0x00000000c2a00000, 0x0000000100000000)
  region size 1024K, 5 young (5120K), 1 survivors (1024K)
 Metaspace       used 59180K, capacity 60882K, committed 61184K, reserved 1103872K
  class space    used 6363K, capacity 7044K, committed 7168K, reserved 1048576K
}
Event: 34.928 GC heap after
{Heap after GC invocations=68 (full 0):
 garbage-first heap   total 92160K, used 76743K [0x00000000c2a00000, 0x0000000100000000)
  region size 1024K, 1 young (1024K), 1 survivors (1024K)
 Metaspace       used 59180K, capacity 60882K, committed 61184K, reserved 1103872K
  class space    used 6363K, capacity 7044K, committed 7168K, reserved 1048576K
}
Event: 35.714 GC heap before
{Heap before GC invocations=68 (full 0):
 garbage-first heap   total 92160K, used 79815K [0x00000000c2a00000, 0x0000000100000000)
  region size 1024K, 5 young (5120K), 1 survivors (1024K)
 Metaspace       used 59286K, capacity 61015K, committed 61184K, reserved 1103872K
  class space    used 6377K, capacity 7089K, committed 7168K, reserved 1048576K
}

